<?xml version="1.0" encoding="UTF-8"?>
<testsuite xmlns:xsi="http://www.w3.org/2001/XMLSchema-instance" xsi:noNamespaceSchemaLocation="https://maven.apache.org/surefire/maven-surefire-plugin/xsd/surefire-test-report.xsd" name="com.lab11.AppTest" time="0.525" tests="3" errors="0" skipped="0" failures="0">
  <properties>
[...]
</properties>
  <testcase name="testWithdraw" classname="com.lab11.AppTest" time="0.459"/>
  <testcase name="testInsufficientFunds" classname="com.lab11.AppTest" time="0.01"/>
  <testcase name="testDeposit" classname="com.lab11.AppTest" time="0"/>
</testsuite>